{"contracts/Counter.sol":{"l":{"18":5,"19":4,"20":4,"22":1,"27":1,"32":2,"33":1,"35":1,"41":4},"path":"/home/vagrant/TransactCall/contracts/Counter.sol","s":{"1":5,"2":4,"3":4,"4":1,"5":1,"6":2,"7":1,"8":1,"9":4},"b":{"1":[4,1],"2":[1,1]},"f":{"1":5,"2":1,"3":2,"4":4},"fnMap":{"1":{"name":"setCount","line":17,"loc":{"start":{"line":17,"column":4},"end":{"line":17,"column":37}}},"2":{"name":"increment","line":26,"loc":{"start":{"line":26,"column":4},"end":{"line":26,"column":29}}},"3":{"name":"decrement","line":31,"loc":{"start":{"line":31,"column":4},"end":{"line":31,"column":29}}},"4":{"name":"getCount","line":40,"loc":{"start":{"line":40,"column":4},"end":{"line":40,"column":48}}}},"statementMap":{"1":{"start":{"line":18,"column":8},"end":{"line":18,"column":522}},"2":{"start":{"line":19,"column":12},"end":{"line":19,"column":30}},"3":{"start":{"line":20,"column":12},"end":{"line":20,"column":34}},"4":{"start":{"line":22,"column":12},"end":{"line":22,"column":33}},"5":{"start":{"line":27,"column":8},"end":{"line":27,"column":17}},"6":{"start":{"line":32,"column":8},"end":{"line":32,"column":899}},"7":{"start":{"line":33,"column":12},"end":{"line":33,"column":21}},"8":{"start":{"line":35,"column":12},"end":{"line":35,"column":34}},"9":{"start":{"line":41,"column":8},"end":{"line":41,"column":20}}},"branchMap":{"1":{"line":18,"type":"if","locations":[{"start":{"line":18,"column":8},"end":{"line":18,"column":8}},{"start":{"line":18,"column":8},"end":{"line":18,"column":8}}]},"2":{"line":32,"type":"if","locations":[{"start":{"line":32,"column":8},"end":{"line":32,"column":8}},{"start":{"line":32,"column":8},"end":{"line":32,"column":8}}]}}}}